<?xml version="1.0" encoding="UTF-8"?>
<testng-results ignored="0" total="2" passed="2" failed="0" skipped="0">
  <reporter-output>
  </reporter-output>
  <suite started-at="2019-05-02T11:48:23Z" name="Default suite" finished-at="2019-05-02T11:50:38Z" duration-ms="135175">
    <groups>
    </groups>
    <test started-at="2019-05-02T11:48:23Z" name="Default test" finished-at="2019-05-02T11:50:38Z" duration-ms="135175">
      <class name="tests.NewTest">
        <test-method is-config="true" signature="beforeClass()[pri:0, instance:tests.NewTest@49e5f737]" started-at="2019-05-02T11:48:23Z" name="beforeClass" finished-at="2019-05-02T11:49:15Z" duration-ms="52281" status="PASS">
          <reporter-output>
          </reporter-output>
        </test-method> <!-- beforeClass -->
        <test-method signature="openMyBlog()[pri:1, instance:tests.NewTest@49e5f737]" started-at="2019-05-02T11:49:15Z" name="openMyBlog" finished-at="2019-05-02T11:50:02Z" duration-ms="46613" status="PASS">
          <reporter-output>
          </reporter-output>
        </test-method> <!-- openMyBlog -->
        <test-method signature="openMyBlog1()[pri:2, instance:tests.NewTest@49e5f737]" started-at="2019-05-02T11:50:02Z" name="openMyBlog1" finished-at="2019-05-02T11:50:24Z" duration-ms="22720" status="PASS">
          <reporter-output>
          </reporter-output>
        </test-method> <!-- openMyBlog1 -->
        <test-method is-config="true" signature="afterClass()[pri:0, instance:tests.NewTest@49e5f737]" started-at="2019-05-02T11:50:24Z" name="afterClass" finished-at="2019-05-02T11:50:38Z" duration-ms="13436" status="PASS">
          <reporter-output>
          </reporter-output>
        </test-method> <!-- afterClass -->
      </class> <!-- tests.NewTest -->
    </test> <!-- Default test -->
  </suite> <!-- Default suite -->
</testng-results>
